[2024-03-17T19:01:07.274+0000][0.059s] Using G1
[2024-03-17T19:01:07.485+0000][0.270s] Version: 17.0.10+7 (release)
[2024-03-17T19:01:07.490+0000][0.275s] CPUs: 12 total, 12 available
[2024-03-17T19:01:07.493+0000][0.278s] Memory: 7873M
[2024-03-17T19:01:07.493+0000][0.278s] Large Page Support: Disabled
[2024-03-17T19:01:07.494+0000][0.278s] NUMA Support: Disabled
[2024-03-17T19:01:07.494+0000][0.279s] Compressed Oops: Enabled (32-bit)
[2024-03-17T19:01:07.494+0000][0.279s] Heap Region Size: 1M
[2024-03-17T19:01:07.494+0000][0.279s] Heap Min Capacity: 512M
[2024-03-17T19:01:07.495+0000][0.280s] Heap Initial Capacity: 512M
[2024-03-17T19:01:07.495+0000][0.280s] Heap Max Capacity: 512M
[2024-03-17T19:01:07.496+0000][0.281s] Pre-touch: Enabled
[2024-03-17T19:01:07.497+0000][0.282s] Parallel Workers: 10
[2024-03-17T19:01:07.497+0000][0.282s] Concurrent Workers: 3
[2024-03-17T19:01:07.497+0000][0.282s] Concurrent Refinement Workers: 10
[2024-03-17T19:01:07.498+0000][0.283s] Periodic GC: Disabled
[2024-03-17T19:01:07.549+0000][0.334s] CDS archive(s) mapped at: [0x00007f039b000000-0x00007f039ba5f000-0x00007f039ba5f000), size 10874880, SharedBaseAddress: 0x00007f039b000000, ArchiveRelocationMode: 1.
[2024-03-17T19:01:07.549+0000][0.334s] Compressed class space mapped at: 0x00007f039c000000-0x00007f03dc000000, reserved size: 1073741824
[2024-03-17T19:01:07.550+0000][0.335s] Narrow klass base: 0x00007f039b000000, Narrow klass shift: 0, Narrow klass range: 0x100000000
[2024-03-17T19:01:09.228+0000][2.013s] GC(0) Pause Young (Normal) (G1 Evacuation Pause)
[2024-03-17T19:01:09.228+0000][2.013s] GC(0) Using 10 workers of 10 for evacuation
[2024-03-17T19:01:09.233+0000][2.018s] GC(0)   Pre Evacuate Collection Set: 0.2ms
[2024-03-17T19:01:09.233+0000][2.018s] GC(0)   Merge Heap Roots: 0.5ms
[2024-03-17T19:01:09.234+0000][2.019s] GC(0)   Evacuate Collection Set: 2.6ms
[2024-03-17T19:01:09.234+0000][2.019s] GC(0)   Post Evacuate Collection Set: 0.9ms
[2024-03-17T19:01:09.234+0000][2.019s] GC(0)   Other: 1.3ms
[2024-03-17T19:01:09.234+0000][2.019s] GC(0) Eden regions: 29->0(57)
[2024-03-17T19:01:09.234+0000][2.019s] GC(0) Survivor regions: 0->4(4)
[2024-03-17T19:01:09.235+0000][2.020s] GC(0) Old regions: 0->1
[2024-03-17T19:01:09.235+0000][2.020s] GC(0) Archive regions: 2->2
[2024-03-17T19:01:09.235+0000][2.020s] GC(0) Humongous regions: 0->0
[2024-03-17T19:01:09.235+0000][2.020s] GC(0) Metaspace: 10000K(10304K)->10000K(10304K) NonClass: 8759K(8896K)->8759K(8896K) Class: 1241K(1408K)->1241K(1408K)
[2024-03-17T19:01:09.236+0000][2.021s] GC(0) Pause Young (Normal) (G1 Evacuation Pause) 29M->5M(512M) 7.536ms
[2024-03-17T19:01:09.236+0000][2.021s] GC(0) User=0.02s Sys=0.01s Real=0.01s
[2024-03-17T19:01:10.125+0000][2.910s] GC(1) Pause Young (Normal) (G1 Evacuation Pause)
[2024-03-17T19:01:10.126+0000][2.910s] GC(1) Using 10 workers of 10 for evacuation
[2024-03-17T19:01:10.134+0000][2.918s] GC(1)   Pre Evacuate Collection Set: 0.2ms
[2024-03-17T19:01:10.134+0000][2.919s] GC(1)   Merge Heap Roots: 0.2ms
[2024-03-17T19:01:10.134+0000][2.919s] GC(1)   Evacuate Collection Set: 6.2ms
[2024-03-17T19:01:10.134+0000][2.919s] GC(1)   Post Evacuate Collection Set: 1.1ms
[2024-03-17T19:01:10.134+0000][2.919s] GC(1)   Other: 0.6ms
[2024-03-17T19:01:10.135+0000][2.919s] GC(1) Eden regions: 55->0(179)
[2024-03-17T19:01:10.135+0000][2.920s] GC(1) Survivor regions: 4->8(8)
[2024-03-17T19:01:10.135+0000][2.920s] GC(1) Old regions: 1->9
[2024-03-17T19:01:10.135+0000][2.920s] GC(1) Archive regions: 2->2
[2024-03-17T19:01:10.135+0000][2.920s] GC(1) Humongous regions: 4->4
[2024-03-17T19:01:10.135+0000][2.920s] GC(1) Metaspace: 17944K(18240K)->17944K(18240K) NonClass: 15729K(15936K)->15729K(15936K) Class: 2215K(2304K)->2215K(2304K)
[2024-03-17T19:01:10.136+0000][2.920s] GC(1) Pause Young (Normal) (G1 Evacuation Pause) 64M->21M(512M) 10.249ms
[2024-03-17T19:01:10.136+0000][2.921s] GC(1) User=0.05s Sys=0.02s Real=0.01s
[2024-03-17T19:01:10.499+0000][3.284s] GC(2) Pause Young (Concurrent Start) (Metadata GC Threshold)
[2024-03-17T19:01:10.500+0000][3.285s] GC(2) Using 10 workers of 10 for evacuation
[2024-03-17T19:01:10.505+0000][3.289s] GC(2)   Pre Evacuate Collection Set: 0.2ms
[2024-03-17T19:01:10.505+0000][3.290s] GC(2)   Merge Heap Roots: 0.2ms
[2024-03-17T19:01:10.505+0000][3.290s] GC(2)   Evacuate Collection Set: 3.4ms
[2024-03-17T19:01:10.505+0000][3.290s] GC(2)   Post Evacuate Collection Set: 0.7ms
[2024-03-17T19:01:10.506+0000][3.291s] GC(2)   Other: 0.6ms
[2024-03-17T19:01:10.506+0000][3.291s] GC(2) Eden regions: 32->0(109)
[2024-03-17T19:01:10.506+0000][3.291s] GC(2) Survivor regions: 8->11(17)
[2024-03-17T19:01:10.506+0000][3.291s] GC(2) Old regions: 9->9
[2024-03-17T19:01:10.506+0000][3.291s] GC(2) Archive regions: 2->2
[2024-03-17T19:01:10.507+0000][3.292s] GC(2) Humongous regions: 4->4
[2024-03-17T19:01:10.507+0000][3.292s] GC(2) Metaspace: 21190K(21504K)->21190K(21504K) NonClass: 18573K(18688K)->18573K(18688K) Class: 2617K(2816K)->2617K(2816K)
[2024-03-17T19:01:10.507+0000][3.292s] GC(2) Pause Young (Concurrent Start) (Metadata GC Threshold) 52M->23M(512M) 7.730ms
[2024-03-17T19:01:10.507+0000][3.292s] GC(2) User=0.02s Sys=0.01s Real=0.01s
[2024-03-17T19:01:10.508+0000][3.293s] GC(3) Concurrent Mark Cycle
[2024-03-17T19:01:10.508+0000][3.293s] GC(3) Concurrent Clear Claimed Marks
[2024-03-17T19:01:10.508+0000][3.293s] GC(3) Concurrent Clear Claimed Marks 0.254ms
[2024-03-17T19:01:10.508+0000][3.293s] GC(3) Concurrent Scan Root Regions
[2024-03-17T19:01:10.511+0000][3.295s] GC(3) Concurrent Scan Root Regions 2.261ms
[2024-03-17T19:01:10.511+0000][3.296s] GC(3) Concurrent Mark
[2024-03-17T19:01:10.511+0000][3.296s] GC(3) Concurrent Mark From Roots
[2024-03-17T19:01:10.511+0000][3.296s] GC(3) Using 3 workers of 3 for marking
[2024-03-17T19:01:10.518+0000][3.302s] GC(3) Concurrent Mark From Roots 6.490ms
[2024-03-17T19:01:10.518+0000][3.303s] GC(3) Concurrent Preclean
[2024-03-17T19:01:10.519+0000][3.304s] GC(3) Concurrent Preclean 0.783ms
[2024-03-17T19:01:10.519+0000][3.304s] GC(3) Pause Remark
[2024-03-17T19:01:10.522+0000][3.307s] GC(3) Pause Remark 24M->24M(512M) 3.051ms
[2024-03-17T19:01:10.523+0000][3.308s] GC(3) User=0.01s Sys=0.00s Real=0.00s
[2024-03-17T19:01:10.523+0000][3.308s] GC(3) Concurrent Mark 12.208ms
[2024-03-17T19:01:10.523+0000][3.308s] GC(3) Concurrent Rebuild Remembered Sets
[2024-03-17T19:01:10.526+0000][3.311s] GC(3) Concurrent Rebuild Remembered Sets 3.063ms
[2024-03-17T19:01:10.527+0000][3.312s] GC(3) Pause Cleanup
[2024-03-17T19:01:10.527+0000][3.312s] GC(3) Pause Cleanup 24M->24M(512M) 0.343ms
[2024-03-17T19:01:10.527+0000][3.312s] GC(3) User=0.01s Sys=0.00s Real=0.00s
[2024-03-17T19:01:10.527+0000][3.312s] GC(3) Concurrent Cleanup for Next Mark
[2024-03-17T19:01:10.528+0000][3.313s] GC(3) Concurrent Cleanup for Next Mark 0.361ms
[2024-03-17T19:01:10.528+0000][3.313s] GC(3) Concurrent Mark Cycle 20.288ms
[2024-03-17T19:01:12.311+0000][5.096s] GC(4) Pause Young (Concurrent Start) (Metadata GC Threshold)
[2024-03-17T19:01:12.311+0000][5.096s] GC(4) Using 10 workers of 10 for evacuation
[2024-03-17T19:01:12.321+0000][5.106s] GC(4)   Pre Evacuate Collection Set: 0.3ms
[2024-03-17T19:01:12.322+0000][5.107s] GC(4)   Merge Heap Roots: 0.2ms
[2024-03-17T19:01:12.322+0000][5.107s] GC(4)   Evacuate Collection Set: 6.8ms
[2024-03-17T19:01:12.322+0000][5.107s] GC(4)   Post Evacuate Collection Set: 2.1ms
[2024-03-17T19:01:12.322+0000][5.107s] GC(4)   Other: 0.5ms
[2024-03-17T19:01:12.323+0000][5.107s] GC(4) Eden regions: 88->0(293)
[2024-03-17T19:01:12.323+0000][5.108s] GC(4) Survivor regions: 11->14(15)
[2024-03-17T19:01:12.323+0000][5.108s] GC(4) Old regions: 9->12
[2024-03-17T19:01:12.323+0000][5.108s] GC(4) Archive regions: 2->2
[2024-03-17T19:01:12.323+0000][5.108s] GC(4) Humongous regions: 4->4
[2024-03-17T19:01:12.324+0000][5.109s] GC(4) Metaspace: 35744K(36096K)->35744K(36096K) NonClass: 31259K(31424K)->31259K(31424K) Class: 4484K(4672K)->4484K(4672K)
[2024-03-17T19:01:12.324+0000][5.109s] GC(4) Pause Young (Concurrent Start) (Metadata GC Threshold) 111M->29M(512M) 13.077ms
[2024-03-17T19:01:12.324+0000][5.109s] GC(4) User=0.10s Sys=0.00s Real=0.02s
[2024-03-17T19:01:12.325+0000][5.109s] GC(5) Concurrent Mark Cycle
[2024-03-17T19:01:12.325+0000][5.110s] GC(5) Concurrent Clear Claimed Marks
[2024-03-17T19:01:12.325+0000][5.110s] GC(5) Concurrent Clear Claimed Marks 0.226ms
[2024-03-17T19:01:12.325+0000][5.110s] GC(5) Concurrent Scan Root Regions
[2024-03-17T19:01:12.328+0000][5.113s] GC(5) Concurrent Scan Root Regions 3.053ms
[2024-03-17T19:01:12.328+0000][5.113s] GC(5) Concurrent Mark
[2024-03-17T19:01:12.329+0000][5.113s] GC(5) Concurrent Mark From Roots
[2024-03-17T19:01:12.329+0000][5.114s] GC(5) Using 3 workers of 3 for marking
[2024-03-17T19:01:12.336+0000][5.121s] GC(5) Concurrent Mark From Roots 7.743ms
[2024-03-17T19:01:12.337+0000][5.122s] GC(5) Concurrent Preclean
[2024-03-17T19:01:12.337+0000][5.122s] GC(5) Concurrent Preclean 0.292ms
[2024-03-17T19:01:12.337+0000][5.122s] GC(5) Pause Remark
[2024-03-17T19:01:12.340+0000][5.124s] GC(5) Pause Remark 31M->31M(512M) 2.369ms
[2024-03-17T19:01:12.340+0000][5.125s] GC(5) User=0.01s Sys=0.01s Real=0.00s
[2024-03-17T19:01:12.340+0000][5.125s] GC(5) Concurrent Mark 11.690ms
[2024-03-17T19:01:12.340+0000][5.125s] GC(5) Concurrent Rebuild Remembered Sets
[2024-03-17T19:01:12.344+0000][5.129s] GC(5) Concurrent Rebuild Remembered Sets 3.845ms
[2024-03-17T19:01:12.345+0000][5.129s] GC(5) Pause Cleanup
[2024-03-17T19:01:12.345+0000][5.130s] GC(5) Pause Cleanup 31M->31M(512M) 0.357ms
[2024-03-17T19:01:12.345+0000][5.130s] GC(5) User=0.00s Sys=0.00s Real=0.00s
[2024-03-17T19:01:12.345+0000][5.130s] GC(5) Concurrent Cleanup for Next Mark
[2024-03-17T19:01:12.346+0000][5.131s] GC(5) Concurrent Cleanup for Next Mark 0.573ms
[2024-03-17T19:01:12.346+0000][5.131s] GC(5) Concurrent Mark Cycle 21.671ms
