2024-03-17 19:01:09.779 INFO  (main) [c: s: r: x: t:] o.e.j.s.Server jetty-10.0.19; built: 2023-12-15T20:38:32.477Z; git: 8492d1c78f122bb30cce20aecfa07e7283facd47; jvm 17.0.10+7
2024-03-17 19:01:10.233 WARN  (main) [c: s: r: x: t:] o.e.j.u.DeprecationWarning Using @Deprecated Class org.eclipse.jetty.servlet.listener.ELContextCleaner
2024-03-17 19:01:10.270 INFO  (main) [c: s: r: x: t:] o.a.s.s.CoreContainerProvider Using logger factory org.apache.logging.slf4j.Log4jLoggerFactory
2024-03-17 19:01:10.279 INFO  (main) [c: s: r: x: t:] o.a.s.s.CoreContainerProvider  ___      _       Welcome to Apache Solr™ version 9.5.0
2024-03-17 19:01:10.279 INFO  (main) [c: s: r: x: t:] o.a.s.s.CoreContainerProvider / __| ___| |_ _   Starting in standalone mode on port 8983
2024-03-17 19:01:10.280 INFO  (main) [c: s: r: x: t:] o.a.s.s.CoreContainerProvider \__ \/ _ \ | '_|  Install dir: /opt/solr-9.5.0
2024-03-17 19:01:10.280 INFO  (main) [c: s: r: x: t:] o.a.s.s.CoreContainerProvider |___/\___/_|_|    Start time: 2024-03-17T19:01:10.280126012Z
2024-03-17 19:01:10.284 INFO  (main) [c: s: r: x: t:] o.a.s.s.CoreContainerProvider Solr started with "-XX:+CrashOnOutOfMemoryError" that will crash on any OutOfMemoryError exception. The cause of the OOME will be logged in the crash file at the following path: /var/solr/logs/jvm_crash_12.log
2024-03-17 19:01:10.315 INFO  (main) [c: s: r: x: t:] o.a.s.s.CoreContainerProvider Solr Home: /var/solr/data (source: system property: solr.solr.home)
2024-03-17 19:01:10.337 INFO  (main) [c: s: r: x: t:] o.a.s.c.SolrXmlConfig solr.xml not found in SOLR_HOME, using built-in default
2024-03-17 19:01:10.337 INFO  (main) [c: s: r: x: t:] o.a.s.c.SolrXmlConfig Loading solr.xml from /opt/solr-9.5.0/server/solr/solr.xml
2024-03-17 19:01:10.391 INFO  (main) [c: s: r: x: t:] o.a.s.c.SolrResourceLoader Added 1 libs to classloader, from paths: [/opt/solr-9.5.0/lib]
2024-03-17 19:01:11.427 INFO  (main) [c: s: r: x: t:] o.a.s.u.t.SimplePropagator Always-on trace id generation enabled.
2024-03-17 19:01:11.957 WARN  (main) [c: s: r: x: t:] o.a.s.u.StartupLoggingUtils Jetty request logging enabled. Will retain logs for last 3 days. See chapter "Configuring Logging" in reference guide for how to configure.
2024-03-17 19:01:11.961 WARN  (main) [c: s: r: x: t:] o.a.s.c.CoreContainer Not all security plugins configured!  authentication=disabled authorization=disabled.  Solr is only as secure as you make it. Consider configuring authentication/authorization before exposing Solr to users internal or external.  See https://s.apache.org/solrsecurity for more info
2024-03-17 19:01:12.238 INFO  (main) [c: s: r: x: t:] o.a.s.c.CorePropertiesLocator Found 1 core definitions underneath /var/solr/data
2024-03-17 19:01:12.239 INFO  (main) [c: s: r: x: t:] o.a.s.c.CorePropertiesLocator Cores are: [n11_restaurant]
2024-03-17 19:01:12.297 INFO  (coreLoadExecutor-11-thread-1) [c: s: r: x:n11_restaurant t:] o.a.s.c.SolrConfig Using Lucene MatchVersion: 9.9.0
2024-03-17 19:01:12.444 INFO  (coreLoadExecutor-11-thread-1) [c: s: r: x:n11_restaurant t:] o.a.s.s.IndexSchema Schema name=default-config
2024-03-17 19:01:12.522 WARN  (main) [c: s: r: x: t:] o.g.j.m.i.MessagingBinders A class jakarta.activation.DataSource for a default provider MessageBodyWriter<jakarta.activation.DataSource> was not found. The provider is not available.
2024-03-17 19:01:12.960 INFO  (main) [c: s: r: x: t:] o.a.s.j.SolrRequestAuthorizer Creating a new SolrRequestAuthorizer
2024-03-17 19:01:13.155 INFO  (main) [c: s: r: x: t:] o.e.j.s.h.ContextHandler Started o.e.j.w.WebAppContext@655a5d9c{solr-jetty-context.xml,/solr,file:///opt/solr-9.5.0/server/solr-webapp/webapp/,AVAILABLE}{/opt/solr-9.5.0/server/solr-webapp/webapp}
2024-03-17 19:01:13.166 INFO  (main) [c: s: r: x: t:] o.e.j.s.RequestLogWriter Opened /var/solr/logs/2024_03_17.request.log
2024-03-17 19:01:13.172 INFO  (main) [c: s: r: x: t:] o.e.j.s.AbstractConnector Started ServerConnector@2b95e48b{HTTP/1.1, (http/1.1, h2c)}{0.0.0.0:8983}
2024-03-17 19:01:13.174 INFO  (main) [c: s: r: x: t:] o.e.j.s.Server Started Server@376a312c{STARTING}[10.0.19,sto=0] @5958ms
2024-03-17 19:01:13.299 INFO  (coreLoadExecutor-11-thread-1) [c: s: r: x:n11_restaurant t:] o.a.s.s.IndexSchema Loaded schema default-config/1.6 with uniqueid field id
2024-03-17 19:01:13.299 INFO  (coreLoadExecutor-11-thread-1) [c: s: r: x:n11_restaurant t:] o.a.s.c.CoreContainer Creating SolrCore 'n11_restaurant' using configuration from instancedir /var/solr/data/n11_restaurant, trusted=true
2024-03-17 19:01:13.332 INFO  (coreLoadExecutor-11-thread-1) [c: s: r: x:n11_restaurant t:] o.a.s.c.SolrCore Opening new SolrCore at [/var/solr/data/n11_restaurant], dataDir=[/var/solr/data/n11_restaurant/data/]
2024-03-17 19:01:14.109 INFO  (coreLoadExecutor-11-thread-1) [c: s: r: x:n11_restaurant t:] o.a.s.j.SolrRequestAuthorizer Creating a new SolrRequestAuthorizer
2024-03-17 19:01:14.134 INFO  (coreLoadExecutor-11-thread-1) [c: s: r: x:n11_restaurant t:] o.a.s.u.UpdateHandler Using UpdateLog implementation: org.apache.solr.update.UpdateLog
2024-03-17 19:01:14.134 INFO  (coreLoadExecutor-11-thread-1) [c: s: r: x:n11_restaurant t:] o.a.s.u.UpdateLog Initializing UpdateLog: dataDir= defaultSyncLevel=FLUSH numRecordsToKeep=100 maxNumLogsToKeep=10 numVersionBuckets=65536
2024-03-17 19:01:14.213 INFO  (coreLoadExecutor-11-thread-1) [c: s: r: x:n11_restaurant t:] o.a.s.u.CommitTracker Hard AutoCommit: if uncommitted for 15000ms; 
2024-03-17 19:01:14.213 INFO  (coreLoadExecutor-11-thread-1) [c: s: r: x:n11_restaurant t:] o.a.s.u.CommitTracker Soft AutoCommit: if uncommitted for 3000ms; 
2024-03-17 19:01:14.762 INFO  (coreLoadExecutor-11-thread-1) [c: s: r: x:n11_restaurant t:] o.a.s.r.ManagedResourceStorage File-based storage initialized to use dir: /var/solr/data/n11_restaurant/conf
2024-03-17 19:01:14.776 INFO  (coreLoadExecutor-11-thread-1) [c: s: r: x:n11_restaurant t:] o.a.s.s.DirectSolrSpellChecker init: {name=default, field=_text_, classname=solr.DirectSolrSpellChecker, distanceMeasure=internal, accuracy=0.5, maxQueryFrequency=0.01, maxEdits=2, minPrefix=1, maxInspections=5, minQueryLength=4}
2024-03-17 19:01:14.783 INFO  (coreLoadExecutor-11-thread-1) [c: s: r: x:n11_restaurant t:] o.a.s.h.ReplicationHandler Commits will be reserved for 10000 ms
2024-03-17 19:01:14.784 INFO  (searcherExecutor-13-thread-1-processing-n11_restaurant) [c: s: r: x:n11_restaurant t:] o.a.s.c.QuerySenderListener QuerySenderListener done.
2024-03-17 19:01:14.784 INFO  (searcherExecutor-13-thread-1-processing-n11_restaurant) [c: s: r: x:n11_restaurant t:] o.a.s.h.c.SpellCheckComponent Loading spell index for spellchecker: default
2024-03-17 19:01:14.793 INFO  (searcherExecutor-13-thread-1-processing-n11_restaurant) [c: s: r: x:n11_restaurant t:] o.a.s.c.SolrCore Registered new searcher autowarm time: 0 ms
